<?xml version="1.0" encoding="UTF-8"?>
<!-- Generated by org.testng.reporters.JUnitXMLReporter -->
<testsuite ignored="0" hostname="LAPTOP-0PK9O9D1" failures="0" tests="3" name="TestRunner1" time="184.512" errors="0" timestamp="2025-07-23T16:51:29 IST">
  <testcase classname="advanceSelenium.configAnnotation.CreateCampaignPageTest" name="createCampaignTest" time="18.569"/>
  <testcase classname="advanceSelenium.configAnnotation.CreateCampaignPageTest" name="createCampaignWithClosedDateTest" time="8.122"/>
  <testcase classname="advanceSelenium.configAnnotation.CreateLeadPageTest" name="createLeadtest" time="12.14"/>
</testsuite> <!-- TestRunner1 -->
