<?xml version="1.0" encoding="UTF-8"?>
<!-- Generated by org.testng.reporters.JUnitXMLReporter -->
<testsuite ignored="0" hostname="LAPTOP-0PK9O9D1" failures="1" tests="3" name="Test" time="54.04" errors="0" timestamp="2025-07-30T11:24:13 IST">
  <testcase classname="advanceSelenium.configAnnotation.CreateCampaignPageTest" name="createCampaignTest" time="0.461">
    <failure type="java.lang.NullPointerException" message="Cannot invoke &amp;quot;com.aventstack.extentreports.ExtentTest.log(com.aventstack.extentreports.Status, String)&amp;quot; because the return value of &amp;quot;reportsutilityobject.UtilityObject.getTest()&amp;quot; is null">
      <![CDATA[java.lang.NullPointerException: Cannot invoke "com.aventstack.extentreports.ExtentTest.log(com.aventstack.extentreports.Status, String)" because the return value of "reportsutilityobject.UtilityObject.getTest()" is null
at advanceSelenium.configAnnotation.CreateCampaignPageTest.createCampaignTest(CreateCampaignPageTest.java:25)
at java.base/java.util.ArrayList.forEach(ArrayList.java:1596)
... Removed 25 stack frames]]>
    </failure>
  </testcase> <!-- createCampaignTest -->
  <testcase classname="advanceSelenium.configAnnotation.CreateCampaignPageTest" name="createCampaignWithClosedDateTest" time="9.653"/>
  <testcase classname="advanceSelenium.configAnnotation.CreateLeadPageTest" name="createLeadtest" time="11.504"/>
</testsuite> <!-- Test -->
