<?xml version="1.0" encoding="UTF-8"?>
<!-- Generated by org.testng.reporters.JUnitXMLReporter -->
<testsuite ignored="0" hostname="LAPTOP-0PK9O9D1" failures="0" tests="3" name="TestRunner3" time="143.643" errors="0" timestamp="2025-07-23T12:55:22 IST">
  <testcase classname="advanceSelenium.configAnnotation.CreateCampaignPageTest" name="createCampaignTest" time="8.077"/>
  <testcase classname="advanceSelenium.configAnnotation.CreateCampaignPageTest" name="createCampaignWithClosedDateTest" time="9.173"/>
  <testcase classname="advanceSelenium.configAnnotation.CreateLeadPageTest" name="createLeadtest" time="15.572"/>
</testsuite> <!-- TestRunner3 -->
