<?xml version="1.0" encoding="UTF-8"?>
<!-- Generated by org.testng.reporters.JUnitXMLReporter -->
<testsuite ignored="0" hostname="LAPTOP-0PK9O9D1" failures="0" tests="3" name="TestRunner2" time="211.2" errors="0" timestamp="2025-07-23T16:51:55 IST">
  <testcase classname="advanceSelenium.configAnnotation.CreateCampaignPageTest" name="createCampaignTest" time="11.621"/>
  <testcase classname="advanceSelenium.configAnnotation.CreateCampaignPageTest" name="createCampaignWithClosedDateTest" time="19.5"/>
  <testcase classname="advanceSelenium.configAnnotation.CreateLeadPageTest" name="createLeadtest" time="11.551"/>
</testsuite> <!-- TestRunner2 -->
