<?xml version="1.0" encoding="UTF-8"?>
<testng-results ignored="0" total="2" passed="2" failed="0" skipped="0">
  <reporter-output>
  </reporter-output>
  <suite started-at="2025-08-04T12:39:28 IST" name="Default suite" finished-at="2025-08-04T12:40:39 IST" duration-ms="70907">
    <groups>
      <group name="regressionTest">
        <method signature="CreateCampaignPageTest.createCampaignWithClosedDateTest()[pri:0, instance:advanceSelenium.configAnnotation.CreateCampaignPageTest@11c9af63]" name="createCampaignWithClosedDateTest" class="advanceSelenium.configAnnotation.CreateCampaignPageTest"/>
      </group> <!-- regressionTest -->
      <group name="smokeTest">
        <method signature="CreateCampaignPageTest.createCampaignTest()[pri:0, instance:advanceSelenium.configAnnotation.CreateCampaignPageTest@11c9af63]" name="createCampaignTest" class="advanceSelenium.configAnnotation.CreateCampaignPageTest"/>
      </group> <!-- smokeTest -->
    </groups>
    <test started-at="2025-08-04T12:39:28 IST" name="Default test" finished-at="2025-08-04T12:40:39 IST" duration-ms="70907">
      <class name="advanceSelenium.configAnnotation.CreateCampaignPageTest">
        <test-method is-config="true" signature="beforeClass()[pri:0, instance:advanceSelenium.configAnnotation.CreateCampaignPageTest@11c9af63]" started-at="2025-08-04T12:39:29 IST" name="beforeClass" finished-at="2025-08-04T12:39:35 IST" duration-ms="6177" status="PASS">
          <reporter-output>
          </reporter-output>
        </test-method> <!-- beforeClass -->
        <test-method is-config="true" signature="beforeMethod()[pri:0, instance:advanceSelenium.configAnnotation.CreateCampaignPageTest@11c9af63]" started-at="2025-08-04T12:39:35 IST" name="beforeMethod" finished-at="2025-08-04T12:39:46 IST" duration-ms="11339" status="PASS">
          <reporter-output>
          </reporter-output>
        </test-method> <!-- beforeMethod -->
        <test-method signature="createCampaignTest()[pri:0, instance:advanceSelenium.configAnnotation.CreateCampaignPageTest@11c9af63]" started-at="2025-08-04T12:39:46 IST" name="createCampaignTest" finished-at="2025-08-04T12:39:56 IST" duration-ms="9833" status="PASS">
          <reporter-output>
          </reporter-output>
        </test-method> <!-- createCampaignTest -->
        <test-method is-config="true" signature="afterMethod()[pri:0, instance:advanceSelenium.configAnnotation.CreateCampaignPageTest@11c9af63]" started-at="2025-08-04T12:39:56 IST" name="afterMethod" finished-at="2025-08-04T12:39:58 IST" duration-ms="1650" status="PASS">
          <reporter-output>
          </reporter-output>
        </test-method> <!-- afterMethod -->
        <test-method is-config="true" signature="beforeMethod()[pri:0, instance:advanceSelenium.configAnnotation.CreateCampaignPageTest@11c9af63]" started-at="2025-08-04T12:39:58 IST" name="beforeMethod" finished-at="2025-08-04T12:40:00 IST" duration-ms="2317" status="PASS">
          <reporter-output>
          </reporter-output>
        </test-method> <!-- beforeMethod -->
        <test-method signature="createCampaignWithClosedDateTest()[pri:0, instance:advanceSelenium.configAnnotation.CreateCampaignPageTest@11c9af63]" started-at="2025-08-04T12:40:00 IST" name="createCampaignWithClosedDateTest" finished-at="2025-08-04T12:40:08 IST" duration-ms="7952" status="PASS">
          <reporter-output>
          </reporter-output>
        </test-method> <!-- createCampaignWithClosedDateTest -->
        <test-method is-config="true" signature="afterMethod()[pri:0, instance:advanceSelenium.configAnnotation.CreateCampaignPageTest@11c9af63]" started-at="2025-08-04T12:40:09 IST" name="afterMethod" finished-at="2025-08-04T12:40:39 IST" duration-ms="30779" status="FAIL">
          <exception class="org.openqa.selenium.TimeoutException">
            <message>
              <![CDATA[Expected condition failed: waiting for element to be clickable: By.cssSelector: .dropdown-item.logout (tried for 20 second(s) with 500 milliseconds interval)
Build info: version: '4.31.0', revision: '1ef9f18787*'
System info: os.name: 'Windows 10', os.arch: 'amd64', os.version: '10.0', java.version: '21.0.7'
Driver info: org.openqa.selenium.edge.EdgeDriver
Capabilities {acceptInsecureCerts: false, browserName: MicrosoftEdge, browserVersion: 138.0.3351.121, fedcm:accounts: true, ms:edgeOptions: {debuggerAddress: localhost:51009}, msedge: {msedgedriverVersion: 138.0.3351.83 (16e2a7bef320..., userDataDir: C:\Users\Kavya\AppData\Loca...}, networkConnectionEnabled: false, pageLoadStrategy: normal, platformName: windows, proxy: Proxy(), se:cdp: ws://localhost:51009/devtoo..., se:cdpVersion: 138.0.3351.121, setWindowRect: true, strictFileInteractability: false, timeouts: {implicit: 0, pageLoad: 300000, script: 30000}, unhandledPromptBehavior: dismiss and notify, webauthn:extension:credBlob: true, webauthn:extension:largeBlob: true, webauthn:extension:minPinLength: true, webauthn:extension:prf: true, webauthn:virtualAuthenticators: true}
Session ID: 64651e7180de1bf47b0ca6e4cff2c246]]>
            </message>
            <full-stacktrace>
              <![CDATA[org.openqa.selenium.TimeoutException: Expected condition failed: waiting for element to be clickable: By.cssSelector: .dropdown-item.logout (tried for 20 second(s) with 500 milliseconds interval)
Build info: version: '4.31.0', revision: '1ef9f18787*'
System info: os.name: 'Windows 10', os.arch: 'amd64', os.version: '10.0', java.version: '21.0.7'
Driver info: org.openqa.selenium.edge.EdgeDriver
Capabilities {acceptInsecureCerts: false, browserName: MicrosoftEdge, browserVersion: 138.0.3351.121, fedcm:accounts: true, ms:edgeOptions: {debuggerAddress: localhost:51009}, msedge: {msedgedriverVersion: 138.0.3351.83 (16e2a7bef320..., userDataDir: C:\Users\Kavya\AppData\Loca...}, networkConnectionEnabled: false, pageLoadStrategy: normal, platformName: windows, proxy: Proxy(), se:cdp: ws://localhost:51009/devtoo..., se:cdpVersion: 138.0.3351.121, setWindowRect: true, strictFileInteractability: false, timeouts: {implicit: 0, pageLoad: 300000, script: 30000}, unhandledPromptBehavior: dismiss and notify, webauthn:extension:credBlob: true, webauthn:extension:largeBlob: true, webauthn:extension:minPinLength: true, webauthn:extension:prf: true, webauthn:virtualAuthenticators: true}
Session ID: 64651e7180de1bf47b0ca6e4cff2c246
at org.openqa.selenium.support.ui.WebDriverWait.timeoutException(WebDriverWait.java:84)
at org.openqa.selenium.support.ui.FluentWait.until(FluentWait.java:228)
at baseclass.BaseTest.afterMethod(BaseTest.java:74)
at java.base/jdk.internal.reflect.DirectMethodHandleAccessor.invoke(DirectMethodHandleAccessor.java:103)
at java.base/java.lang.reflect.Method.invoke(Method.java:580)
at org.testng.internal.invokers.MethodInvocationHelper.invokeMethod(MethodInvocationHelper.java:141)
at org.testng.internal.invokers.MethodInvocationHelper.invokeMethodConsideringTimeout(MethodInvocationHelper.java:71)
at org.testng.internal.invokers.ConfigInvoker.invokeConfigurationMethod(ConfigInvoker.java:400)
at org.testng.internal.invokers.ConfigInvoker.invokeConfigurations(ConfigInvoker.java:333)
at org.testng.internal.invokers.TestInvoker.runConfigMethods(TestInvoker.java:836)
at org.testng.internal.invokers.TestInvoker.runAfterConfigurations(TestInvoker.java:805)
at org.testng.internal.invokers.TestInvoker.invokeMethod(TestInvoker.java:781)
at org.testng.internal.invokers.TestInvoker.invokeTestMethod(TestInvoker.java:230)
at org.testng.internal.invokers.MethodRunner.runInSequence(MethodRunner.java:63)
at org.testng.internal.invokers.TestInvoker$MethodInvocationAgent.invoke(TestInvoker.java:995)
at org.testng.internal.invokers.TestInvoker.invokeTestMethods(TestInvoker.java:203)
at org.testng.internal.invokers.TestMethodWorker.invokeTestMethods(TestMethodWorker.java:154)
at org.testng.internal.invokers.TestMethodWorker.run(TestMethodWorker.java:134)
at java.base/java.util.ArrayList.forEach(ArrayList.java:1596)
at org.testng.TestRunner.privateRun(TestRunner.java:741)
at org.testng.TestRunner.run(TestRunner.java:616)
at org.testng.SuiteRunner.runTest(SuiteRunner.java:421)
at org.testng.SuiteRunner.runSequentially(SuiteRunner.java:413)
at org.testng.SuiteRunner.privateRun(SuiteRunner.java:373)
at org.testng.SuiteRunner.run(SuiteRunner.java:312)
at org.testng.SuiteRunnerWorker.runSuite(SuiteRunnerWorker.java:52)
at org.testng.SuiteRunnerWorker.run(SuiteRunnerWorker.java:95)
at org.testng.TestNG.runSuitesSequentially(TestNG.java:1274)
at org.testng.TestNG.runSuitesLocally(TestNG.java:1208)
at org.testng.TestNG.runSuites(TestNG.java:1112)
at org.testng.TestNG.run(TestNG.java:1079)
at org.testng.remote.AbstractRemoteTestNG.run(AbstractRemoteTestNG.java:115)
at org.testng.remote.RemoteTestNG.initAndRun(RemoteTestNG.java:293)
at org.testng.remote.RemoteTestNG.main(RemoteTestNG.java:91)
]]>
            </full-stacktrace>
          </exception> <!-- org.openqa.selenium.TimeoutException -->
          <reporter-output>
          </reporter-output>
        </test-method> <!-- afterMethod -->
        <test-method is-config="true" signature="afterClass()[pri:0, instance:advanceSelenium.configAnnotation.CreateCampaignPageTest@11c9af63]" started-at="2025-08-04T12:40:39 IST" name="afterClass" finished-at="2025-08-04T12:40:39 IST" duration-ms="0" status="SKIP">
          <reporter-output>
          </reporter-output>
        </test-method> <!-- afterClass -->
      </class> <!-- advanceSelenium.configAnnotation.CreateCampaignPageTest -->
    </test> <!-- Default test -->
  </suite> <!-- Default suite -->
</testng-results>
